#
# There is insufficient memory for the Java Runtime Environment to continue.
# Native memory allocation (malloc) failed to allocate 1019056 bytes for Chunk::new
# Possible reasons:
#   The system is out of physical RAM or swap space
#   The process is running with CompressedOops enabled, and the Java Heap may be blocking the growth of the native heap
# Possible solutions:
#   Reduce memory load on the system
#   Increase physical memory or swap space
#   Check if swap backing store is full
#   Decrease Java heap size (-Xmx/-Xms)
#   Decrease number of Java threads
#   Decrease Java thread stack sizes (-Xss)
#   Set larger code cache with -XX:ReservedCodeCacheSize=
#   JVM is running with Unscaled Compressed Oops mode in which the Java heap is
#     placed in the first 4GB address space. The Java Heap base address is the
#     maximum limit for the native heap growth. Please use -XX:HeapBaseMinAddress
#     to set the Java Heap base and to place the Java Heap above 4GB virtual address.
# This output file may be truncated or incomplete.
#
#  Out of Memory Error (allocation.cpp:389), pid=4236, tid=0x0000000000004a68
#
# JRE version: OpenJDK Runtime Environment (8.0_352-b08) (build 1.8.0_352-b08)
# Java VM: OpenJDK 64-Bit Server VM (25.352-b08 mixed mode windows-amd64 compressed oops)
# Failed to write core dump. Minidumps are not enabled by default on client versions of Windows
#

---------------  T H R E A D  ---------------

Current thread (0x000002d919920800):  JavaThread "C2 CompilerThread1" daemon [_thread_in_native, id=19048, stack(0x000000deee000000,0x000000deee100000)]

Stack: [0x000000deee000000,0x000000deee100000]
[error occurred during error reporting (printing stack bounds), id 0xc0000005]

Native frames: (J=compiled Java code, j=interpreted, Vv=VM code, C=native code)


Current CompileTask:
C2:  30048 4572   !   4       com.sun.beans.TypeResolver::resolve (274 bytes)


---------------  P R O C E S S  ---------------

Java Threads: ( => current thread )
  0x000002d91c0e1800 JavaThread "Memory manager" [_thread_blocked, id=24508, stack(0x000000def0400000,0x000000def0500000)]
  0x000002d91c0e5800 JavaThread "Cache worker for Build Output Cleanup Cache (D:\java\module3Java\product\.gradle\buildOutputCleanup)" [_thread_blocked, id=1640, stack(0x000000def0300000,0x000000def0400000)]
  0x000002d91c0e2000 JavaThread "Cache worker for dependencies-accessors (D:\java\module3Java\product\.gradle\7.5.1\dependencies-accessors)" [_thread_blocked, id=25188, stack(0x000000def0200000,0x000000def0300000)]
  0x000002d91c0db000 JavaThread "Cache worker for execution history cache (C:\Users\DELL\.gradle\caches\7.5.1\executionHistory)" [_thread_blocked, id=7220, stack(0x000000def0100000,0x000000def0200000)]
  0x000002d91c0dc800 JavaThread "Cache worker for cache directory md-supplier (C:\Users\DELL\.gradle\caches\7.5.1\md-supplier)" [_thread_blocked, id=25544, stack(0x000000def0000000,0x000000def0100000)]
  0x000002d91c0da800 JavaThread "Cache worker for file hash cache (D:\java\module3Java\product\.gradle\7.5.1\fileHashes)" [_thread_blocked, id=20360, stack(0x000000deeff00000,0x000000def0000000)]
  0x000002d91c0dc000 JavaThread "Cache worker for file content cache (C:\Users\DELL\.gradle\caches\7.5.1\fileContent)" [_thread_blocked, id=23648, stack(0x000000deefe00000,0x000000deeff00000)]
  0x000002d91c0d8800 JavaThread "Cache worker for cache directory md-rule (C:\Users\DELL\.gradle\caches\7.5.1\md-rule)" [_thread_blocked, id=12244, stack(0x000000deefd00000,0x000000deefe00000)]
  0x000002d91c0e0000 JavaThread "Cache worker for checksums cache (D:\java\module3Java\product\.gradle\7.5.1\checksums)" [_thread_blocked, id=1068, stack(0x000000deefc00000,0x000000deefd00000)]
  0x000002d91c0d8000 JavaThread "jar transforms Thread 8" [_thread_blocked, id=1944, stack(0x000000deefb00000,0x000000deefc00000)]
  0x000002d91c0df000 JavaThread "jar transforms Thread 7" [_thread_blocked, id=22040, stack(0x000000deefa00000,0x000000deefb00000)]
  0x000002d91c0d7000 JavaThread "jar transforms Thread 6" [_thread_blocked, id=7932, stack(0x000000deef900000,0x000000deefa00000)]
  0x000002d91c0de000 JavaThread "jar transforms Thread 5" [_thread_blocked, id=18704, stack(0x000000deef800000,0x000000deef900000)]
  0x000002d91c0d6800 JavaThread "jar transforms Thread 4" [_thread_blocked, id=12140, stack(0x000000deef700000,0x000000deef800000)]
  0x000002d91c0dd800 JavaThread "jar transforms Thread 3" [_thread_blocked, id=25548, stack(0x000000deef600000,0x000000deef700000)]
  0x000002d919940000 JavaThread "jar transforms Thread 2" [_thread_blocked, id=11968, stack(0x000000deef500000,0x000000deef600000)]
  0x000002d919946800 JavaThread "jar transforms" [_thread_blocked, id=20764, stack(0x000000deef400000,0x000000deef500000)]
  0x000002d919945800 JavaThread "File watcher consumer" daemon [_thread_blocked, id=14800, stack(0x000000deef300000,0x000000deef400000)]
  0x000002d919945000 JavaThread "File watcher server" daemon [_thread_in_native, id=22648, stack(0x000000deef200000,0x000000deef300000)]
  0x000002d919947800 JavaThread "Cache worker for file hash cache (C:\Users\DELL\.gradle\caches\7.5.1\fileHashes)" [_thread_blocked, id=24480, stack(0x000000deef100000,0x000000deef200000)]
  0x000002d919942000 JavaThread "File lock request listener" [_thread_in_native, id=23464, stack(0x000000deef000000,0x000000deef100000)]
  0x000002d919941000 JavaThread "Cache worker for journal cache (C:\Users\DELL\.gradle\caches\journal-1)" [_thread_blocked, id=22892, stack(0x000000deeef00000,0x000000deef000000)]
  0x000002d91cb04800 JavaThread "Daemon client event forwarder" [_thread_blocked, id=23064, stack(0x000000deeee00000,0x000000deeef00000)]
  0x000002d91cafc800 JavaThread "Stdin handler" [_thread_blocked, id=25132, stack(0x000000deeed00000,0x000000deeee00000)]
  0x000002d91caf6800 JavaThread "Asynchronous log dispatcher for DefaultDaemonConnection: socket connection from /127.0.0.1:52175 to /127.0.0.1:52176" [_thread_blocked, id=4260, stack(0x000000deeec00000,0x000000deeed00000)]
  0x000002d91caf5800 JavaThread "Daemon worker" [_thread_in_vm, id=23984, stack(0x000000deeeb00000,0x000000deeec00000)]
  0x000002d91caed800 JavaThread "Cancel handler" [_thread_blocked, id=848, stack(0x000000deeea00000,0x000000deeeb00000)]
  0x000002d91c9ca000 JavaThread "Handler for socket connection from /127.0.0.1:52175 to /127.0.0.1:52176" [_thread_in_native, id=19540, stack(0x000000deee900000,0x000000deeea00000)]
  0x000002d91c9b3000 JavaThread "Daemon" [_thread_blocked, id=20920, stack(0x000000deee800000,0x000000deee900000)]
  0x000002d91ca1f000 JavaThread "Daemon periodic checks" [_thread_blocked, id=16576, stack(0x000000deee700000,0x000000deee800000)]
  0x000002d91c8e2800 JavaThread "Incoming local TCP Connector on port 52175" [_thread_in_native, id=5396, stack(0x000000deee600000,0x000000deee700000)]
  0x000002d91c7bf000 JavaThread "Daemon health stats" [_thread_blocked, id=6140, stack(0x000000deee500000,0x000000deee600000)]
  0x000002d91ad30800 JavaThread "Service Thread" daemon [_thread_blocked, id=18444, stack(0x000000deee300000,0x000000deee400000)]
  0x000002d919942800 JavaThread "C1 CompilerThread3" daemon [_thread_blocked, id=11328, stack(0x000000deee200000,0x000000deee300000)]
  0x000002d919935000 JavaThread "C2 CompilerThread2" daemon [_thread_in_native, id=7112, stack(0x000000deee100000,0x000000deee200000)]
=>0x000002d919920800 JavaThread "C2 CompilerThread1" daemon [_thread_in_native, id=19048, stack(0x000000deee000000,0x000000deee100000)]
  0x000002d91991f000 JavaThread "C2 CompilerThread0" daemon [_thread_blocked, id=25032, stack(0x000000deedf00000,0x000000deee000000)]
  0x000002d919917000 JavaThread "Attach Listener" daemon [_thread_blocked, id=22304, stack(0x000000deede00000,0x000000deedf00000)]
  0x000002d919916000 JavaThread "Signal Dispatcher" daemon [_thread_blocked, id=18320, stack(0x000000deedd00000,0x000000deede00000)]
  0x000002d918cfc800 JavaThread "Finalizer" daemon [_thread_blocked, id=25052, stack(0x000000deedc00000,0x000000deedd00000)]
  0x000002d9198ea000 JavaThread "Reference Handler" daemon [_thread_blocked, id=24472, stack(0x000000deedb00000,0x000000deedc00000)]
  0x000002d906435000 JavaThread "main" [_thread_blocked, id=25512, stack(0x000000deed100000,0x000000deed200000)]

Other Threads:
  0x000002d9198c3800 VMThread [stack: 0x000000deeda00000,0x000000deedb00000] [id=11788]
  0x000002d91ad33000 WatcherThread [stack: 0x000000deee400000,0x000000deee500000] [id=8028]

VM state:not at safepoint (normal execution)

VM Mutex/Monitor currently owned by a thread: None

heap address: 0x00000000e0000000, size: 512 MB, Compressed Oops mode: 32-bit
Narrow klass base: 0x0000000000000000, Narrow klass shift: 3
Compressed class space size: 1073741824 Address: 0x0000000100000000

Heap:
 PSYoungGen      total 152576K, used 20476K [0x00000000f5580000, 0x0000000100000000, 0x0000000100000000)
  eden space 139776K, 5% used [0x00000000f5580000,0x00000000f5d06510,0x00000000fde00000)
  from space 12800K, 99% used [0x00000000ff380000,0x00000000ffff8ee0,0x0000000100000000)
  to   space 17408K, 0% used [0x00000000fde00000,0x00000000fde00000,0x00000000fef00000)
 ParOldGen       total 175104K, used 20012K [0x00000000e0000000, 0x00000000eab00000, 0x00000000f5580000)
  object space 175104K, 11% used [0x00000000e0000000,0x00000000e138b288,0x00000000eab00000)
 Metaspace       used 50349K, capacity 53228K, committed 53504K, reserved 1095680K
  class space    used 7327K, capacity 7886K, committed 7936K, reserved 1048576K

Card table byte_map: [0x000002d917130000,0x000002d917240000] byte_map_base: 0x000002d916a30000

Marking Bits: (ParMarkBitMap*) 0x00000000617a7820
 Begin Bits: [0x000002d9172f0000, 0x000002d917af0000)
 End Bits:   [0x000002d917af0000, 0x000002d9182f0000)

Polling page: 0x000002d906590000

CodeCache: size=245760Kb used=15600Kb max_used=15757Kb free=230159Kb
 bounds [0x000002d907d70000, 0x000002d908cf0000, 0x000002d916d70000]
 total_blobs=4949 nmethods=4181 adapters=679
 compilation: enabled

Compilation events (10 events):
Event: 30.010 Thread 0x000002d919942800 4619       3       com.google.common.collect.ImmutableList::builderWithExpectedSize (16 bytes)
Event: 30.011 Thread 0x000002d919942800 nmethod 4619 0x000002d90830d8d0 code [0x000002d90830da60, 0x000002d90830ddf0]
Event: 30.027 Thread 0x000002d91991f000 4620       4       org.gradle.internal.instantiation.generator.AbstractClassGenerator$MethodMetadata::getReturnType (8 bytes)
Event: 30.028 Thread 0x000002d91991f000 nmethod 4620 0x000002d908c61b50 code [0x000002d908c61c80, 0x000002d908c61cf8]
Event: 30.029 Thread 0x000002d91991f000 4621       4       org.objectweb.asm.Frame::pop (44 bytes)
Event: 30.030 Thread 0x000002d91991f000 nmethod 4621 0x000002d907f61350 code [0x000002d907f61480, 0x000002d907f61518]
Event: 30.041 Thread 0x000002d919942800 4622       3       org.gradle.internal.instantiation.generator.AbstractClassGenerator$PropertyMetadata::addSetter (41 bytes)
Event: 30.043 Thread 0x000002d919942800 nmethod 4622 0x000002d9081dba10 code [0x000002d9081dbba0, 0x000002d9081dc240]
Event: 30.046 Thread 0x000002d919942800 4623       1       com.google.common.collect.ImmutableCollection::internalArray (2 bytes)
Event: 30.046 Thread 0x000002d919942800 nmethod 4623 0x000002d908404890 code [0x000002d9084049e0, 0x000002d908404af8]

GC Heap History (10 events):
Event: 12.676 GC heap before
{Heap before GC invocations=6 (full 1):
 PSYoungGen      total 141824K, used 131072K [0x00000000f5580000, 0x00000000fea80000, 0x0000000100000000)
  eden space 131072K, 100% used [0x00000000f5580000,0x00000000fd580000,0x00000000fd580000)
  from space 10752K, 0% used [0x00000000fe000000,0x00000000fe000000,0x00000000fea80000)
  to   space 10752K, 0% used [0x00000000fd580000,0x00000000fd580000,0x00000000fe000000)
 ParOldGen       total 175104K, used 9836K [0x00000000e0000000, 0x00000000eab00000, 0x00000000f5580000)
  object space 175104K, 5% used [0x00000000e0000000,0x00000000e099b2c0,0x00000000eab00000)
 Metaspace       used 29405K, capacity 30950K, committed 31232K, reserved 1075200K
  class space    used 4410K, capacity 4756K, committed 4864K, reserved 1048576K
Event: 12.711 GC heap after
Heap after GC invocations=6 (full 1):
 PSYoungGen      total 141824K, used 10377K [0x00000000f5580000, 0x0000000100000000, 0x0000000100000000)
  eden space 131072K, 0% used [0x00000000f5580000,0x00000000f5580000,0x00000000fd580000)
  from space 10752K, 96% used [0x00000000fd580000,0x00000000fdfa2488,0x00000000fe000000)
  to   space 12800K, 0% used [0x00000000ff380000,0x00000000ff380000,0x0000000100000000)
 ParOldGen       total 175104K, used 9844K [0x00000000e0000000, 0x00000000eab00000, 0x00000000f5580000)
  object space 175104K, 5% used [0x00000000e0000000,0x00000000e099d2c0,0x00000000eab00000)
 Metaspace       used 29405K, capacity 30950K, committed 31232K, reserved 1075200K
  class space    used 4410K, capacity 4756K, committed 4864K, reserved 1048576K
}
Event: 13.851 GC heap before
{Heap before GC invocations=7 (full 1):
 PSYoungGen      total 141824K, used 41321K [0x00000000f5580000, 0x0000000100000000, 0x0000000100000000)
  eden space 131072K, 23% used [0x00000000f5580000,0x00000000f73b7f80,0x00000000fd580000)
  from space 10752K, 96% used [0x00000000fd580000,0x00000000fdfa2488,0x00000000fe000000)
  to   space 12800K, 0% used [0x00000000ff380000,0x00000000ff380000,0x0000000100000000)
 ParOldGen       total 175104K, used 9844K [0x00000000e0000000, 0x00000000eab00000, 0x00000000f5580000)
  object space 175104K, 5% used [0x00000000e0000000,0x00000000e099d2c0,0x00000000eab00000)
 Metaspace       used 33756K, capacity 35314K, committed 35456K, reserved 1079296K
  class space    used 4832K, capacity 5201K, committed 5248K, reserved 1048576K
Event: 13.862 GC heap after
Heap after GC invocations=7 (full 1):
 PSYoungGen      total 161792K, used 7229K [0x00000000f5580000, 0x0000000100000000, 0x0000000100000000)
  eden space 148992K, 0% used [0x00000000f5580000,0x00000000f5580000,0x00000000fe700000)
  from space 12800K, 56% used [0x00000000ff380000,0x00000000ffa8f528,0x0000000100000000)
  to   space 12800K, 0% used [0x00000000fe700000,0x00000000fe700000,0x00000000ff380000)
 ParOldGen       total 175104K, used 9852K [0x00000000e0000000, 0x00000000eab00000, 0x00000000f5580000)
  object space 175104K, 5% used [0x00000000e0000000,0x00000000e099f2c0,0x00000000eab00000)
 Metaspace       used 33756K, capacity 35314K, committed 35456K, reserved 1079296K
  class space    used 4832K, capacity 5201K, committed 5248K, reserved 1048576K
}
Event: 13.862 GC heap before
{Heap before GC invocations=8 (full 2):
 PSYoungGen      total 161792K, used 7229K [0x00000000f5580000, 0x0000000100000000, 0x0000000100000000)
  eden space 148992K, 0% used [0x00000000f5580000,0x00000000f5580000,0x00000000fe700000)
  from space 12800K, 56% used [0x00000000ff380000,0x00000000ffa8f528,0x0000000100000000)
  to   space 12800K, 0% used [0x00000000fe700000,0x00000000fe700000,0x00000000ff380000)
 ParOldGen       total 175104K, used 9852K [0x00000000e0000000, 0x00000000eab00000, 0x00000000f5580000)
  object space 175104K, 5% used [0x00000000e0000000,0x00000000e099f2c0,0x00000000eab00000)
 Metaspace       used 33756K, capacity 35314K, committed 35456K, reserved 1079296K
  class space    used 4832K, capacity 5201K, committed 5248K, reserved 1048576K
Event: 13.951 GC heap after
Heap after GC invocations=8 (full 2):
 PSYoungGen      total 161792K, used 0K [0x00000000f5580000, 0x0000000100000000, 0x0000000100000000)
  eden space 148992K, 0% used [0x00000000f5580000,0x00000000f5580000,0x00000000fe700000)
  from space 12800K, 0% used [0x00000000ff380000,0x00000000ff380000,0x0000000100000000)
  to   space 12800K, 0% used [0x00000000fe700000,0x00000000fe700000,0x00000000ff380000)
 ParOldGen       total 175104K, used 14701K [0x00000000e0000000, 0x00000000eab00000, 0x00000000f5580000)
  object space 175104K, 8% used [0x00000000e0000000,0x00000000e0e5b430,0x00000000eab00000)
 Metaspace       used 33752K, capacity 35302K, committed 35456K, reserved 1079296K
  class space    used 4831K, capacity 5199K, committed 5248K, reserved 1048576K
}
Event: 22.880 GC heap before
{Heap before GC invocations=9 (full 2):
 PSYoungGen      total 161792K, used 148992K [0x00000000f5580000, 0x0000000100000000, 0x0000000100000000)
  eden space 148992K, 100% used [0x00000000f5580000,0x00000000fe700000,0x00000000fe700000)
  from space 12800K, 0% used [0x00000000ff380000,0x00000000ff380000,0x0000000100000000)
  to   space 12800K, 0% used [0x00000000fe700000,0x00000000fe700000,0x00000000ff380000)
 ParOldGen       total 175104K, used 14701K [0x00000000e0000000, 0x00000000eab00000, 0x00000000f5580000)
  object space 175104K, 8% used [0x00000000e0000000,0x00000000e0e5b430,0x00000000eab00000)
 Metaspace       used 44186K, capacity 46380K, committed 46720K, reserved 1089536K
  class space    used 6258K, capacity 6692K, committed 6784K, reserved 1048576K
Event: 22.910 GC heap after
Heap after GC invocations=9 (full 2):
 PSYoungGen      total 161792K, used 12791K [0x00000000f5580000, 0x0000000100000000, 0x0000000100000000)
  eden space 148992K, 0% used [0x00000000f5580000,0x00000000f5580000,0x00000000fe700000)
  from space 12800K, 99% used [0x00000000fe700000,0x00000000ff37dee0,0x00000000ff380000)
  to   space 12800K, 0% used [0x00000000ff380000,0x00000000ff380000,0x0000000100000000)
 ParOldGen       total 175104K, used 16486K [0x00000000e0000000, 0x00000000eab00000, 0x00000000f5580000)
  object space 175104K, 9% used [0x00000000e0000000,0x00000000e10198f0,0x00000000eab00000)
 Metaspace       used 44186K, capacity 46380K, committed 46720K, reserved 1089536K
  class space    used 6258K, capacity 6692K, committed 6784K, reserved 1048576K
}
Event: 29.817 GC heap before
{Heap before GC invocations=10 (full 2):
 PSYoungGen      total 161792K, used 161783K [0x00000000f5580000, 0x0000000100000000, 0x0000000100000000)
  eden space 148992K, 100% used [0x00000000f5580000,0x00000000fe700000,0x00000000fe700000)
  from space 12800K, 99% used [0x00000000fe700000,0x00000000ff37dee0,0x00000000ff380000)
  to   space 12800K, 0% used [0x00000000ff380000,0x00000000ff380000,0x0000000100000000)
 ParOldGen       total 175104K, used 16486K [0x00000000e0000000, 0x00000000eab00000, 0x00000000f5580000)
  object space 175104K, 9% used [0x00000000e0000000,0x00000000e10198f0,0x00000000eab00000)
 Metaspace       used 50091K, capacity 52960K, committed 53248K, reserved 1095680K
  class space    used 7279K, capacity 7820K, committed 7936K, reserved 1048576K
Event: 29.908 GC heap after
Heap after GC invocations=10 (full 2):
 PSYoungGen      total 152576K, used 12771K [0x00000000f5580000, 0x0000000100000000, 0x0000000100000000)
  eden space 139776K, 0% used [0x00000000f5580000,0x00000000f5580000,0x00000000fde00000)
  from space 12800K, 99% used [0x00000000ff380000,0x00000000ffff8ee0,0x0000000100000000)
  to   space 17408K, 0% used [0x00000000fde00000,0x00000000fde00000,0x00000000fef00000)
 ParOldGen       total 175104K, used 20012K [0x00000000e0000000, 0x00000000eab00000, 0x00000000f5580000)
  object space 175104K, 11% used [0x00000000e0000000,0x00000000e138b288,0x00000000eab00000)
 Metaspace       used 50091K, capacity 52960K, committed 53248K, reserved 1095680K
  class space    used 7279K, capacity 7820K, committed 7936K, reserved 1048576K
}

Deoptimization events (10 events):
Event: 26.053 Thread 0x000002d91caf5800 Uncommon trap: reason=unstable_if action=reinterpret pc=0x000002d9081279d0 method=java.lang.AbstractStringBuilder.append(Ljava/lang/String;)Ljava/lang/AbstractStringBuilder; @ 1
Event: 26.920 Thread 0x000002d91caf5800 Uncommon trap: reason=null_check action=make_not_entrant pc=0x000002d908411c18 method=java.util.AbstractCollection.toArray([Ljava/lang/Object;)[Ljava/lang/Object; @ 119
Event: 26.962 Thread 0x000002d91caf5800 Uncommon trap: reason=unstable_if action=reinterpret pc=0x000002d90891fbf8 method=java.security.CodeSource.hashCode()I @ 4
Event: 26.962 Thread 0x000002d91caf5800 Uncommon trap: reason=unstable_if action=reinterpret pc=0x000002d9088f5b4c method=java.security.CodeSource.hashCode()I @ 4
Event: 27.644 Thread 0x000002d91caf5800 Uncommon trap: reason=unstable_if action=reinterpret pc=0x000002d908b87b9c method=org.objectweb.asm.Label.resolve([BI)Z @ 80
Event: 27.644 Thread 0x000002d91caf5800 Uncommon trap: reason=unstable_if action=reinterpret pc=0x000002d908aa3fc0 method=org.objectweb.asm.Label.resolve([BI)Z @ 80
Event: 28.271 Thread 0x000002d91caf5800 Uncommon trap: reason=unstable_if action=reinterpret pc=0x000002d908a421d8 method=java.lang.Class$MethodArray.removeLessSpecifics()V @ 65
Event: 29.115 Thread 0x000002d91caf5800 Uncommon trap: reason=class_check action=maybe_recompile pc=0x000002d908575e60 method=java.util.WeakHashMap.eq(Ljava/lang/Object;Ljava/lang/Object;)Z @ 7
Event: 29.179 Thread 0x000002d91caf5800 Uncommon trap: reason=unstable_if action=reinterpret pc=0x000002d9080f5abc method=java.util.HashMap.resize()[Ljava/util/HashMap$Node; @ 206
Event: 29.934 Thread 0x000002d91caf5800 Uncommon trap: reason=unstable_if action=reinterpret pc=0x000002d908802ba8 method=org.objectweb.asm.Type.getArgumentsAndReturnSizes(Ljava/lang/String;)I @ 117

Classes redefined (0 events):
No events

Internal exceptions (10 events):
Event: 29.609 Thread 0x000002d91caf5800 Exception <a 'java/lang/ClassNotFoundException': groovy/lang/GString$1BeanInfo> (0x00000000fd66b6a8) thrown at [C:\wsjdk\Corretto8Src\installers\windows\zip\corretto-build\buildRoot\hotspot\src\share\vm\classfile\systemDictionary.cpp, line 217]
Event: 29.613 Thread 0x000002d91caf5800 Exception <a 'java/lang/ClassNotFoundException': groovy/lang/GStringBeanInfo> (0x00000000fd6bedb8) thrown at [C:\wsjdk\Corretto8Src\installers\windows\zip\corretto-build\buildRoot\hotspot\src\share\vm\classfile\systemDictionary.cpp, line 217]
Event: 29.617 Thread 0x000002d91caf5800 Exception <a 'java/lang/ClassNotFoundException': groovy/lang/GStringCustomizer> (0x00000000fd7132c8) thrown at [C:\wsjdk\Corretto8Src\installers\windows\zip\corretto-build\buildRoot\hotspot\src\share\vm\classfile\systemDictionary.cpp, line 217]
Event: 29.625 Thread 0x000002d91caf5800 Exception <a 'java/lang/ClassNotFoundException': groovy/lang/GString$1Customizer> (0x00000000fd7737a0) thrown at [C:\wsjdk\Corretto8Src\installers\windows\zip\corretto-build\buildRoot\hotspot\src\share\vm\classfile\systemDictionary.cpp, line 217]
Event: 29.702 Thread 0x000002d91caf5800 Exception <a 'java/lang/ClassNotFoundException': org/codehaus/groovy/runtime/GStringImplBeanInfo> (0x00000000fde79d10) thrown at [C:\wsjdk\Corretto8Src\installers\windows\zip\corretto-build\buildRoot\hotspot\src\share\vm\classfile\systemDictionary.cpp, li
Event: 29.745 Thread 0x000002d91caf5800 Exception <a 'java/lang/ClassNotFoundException': org/codehaus/groovy/runtime/GStringImplCustomizer> (0x00000000fe47c2c8) thrown at [C:\wsjdk\Corretto8Src\installers\windows\zip\corretto-build\buildRoot\hotspot\src\share\vm\classfile\systemDictionary.cpp, 
Event: 29.765 Thread 0x000002d91caf5800 Exception <a 'java/lang/ClassNotFoundException': org/gradle/api/plugins/internal/DefaultWarPluginConventionBeanInfo> (0x00000000fe531808) thrown at [C:\wsjdk\Corretto8Src\installers\windows\zip\corretto-build\buildRoot\hotspot\src\share\vm\classfile\syste
Event: 29.770 Thread 0x000002d91caf5800 Exception <a 'java/lang/ClassNotFoundException': org/gradle/api/plugins/WarPluginConventionBeanInfo> (0x00000000fe576928) thrown at [C:\wsjdk\Corretto8Src\installers\windows\zip\corretto-build\buildRoot\hotspot\src\share\vm\classfile\systemDictionary.cpp,
Event: 29.772 Thread 0x000002d91caf5800 Exception <a 'java/lang/ClassNotFoundException': org/gradle/api/plugins/WarPluginConventionCustomizer> (0x00000000fe5bec98) thrown at [C:\wsjdk\Corretto8Src\installers\windows\zip\corretto-build\buildRoot\hotspot\src\share\vm\classfile\systemDictionary.cp
Event: 29.780 Thread 0x000002d91caf5800 Exception <a 'java/lang/ClassNotFoundException': org/gradle/api/plugins/internal/DefaultWarPluginConventionCustomizer> (0x00000000fe61eba0) thrown at [C:\wsjdk\Corretto8Src\installers\windows\zip\corretto-build\buildRoot\hotspot\src\share\vm\classfile\sys

Events (10 events):
Event: 30.022 loading class org/gradle/api/reporting/Report$OutputType
Event: 30.022 loading class org/gradle/api/reporting/Report$OutputType done
Event: 30.031 loading class org/gradle/api/reporting/internal/TaskGeneratedReport$1
Event: 30.031 loading class org/gradle/api/reporting/internal/TaskGeneratedReport$1 done
Event: 30.034 loading class org/gradle/api/reporting/internal/TaskGeneratedSingleDirectoryReport
Event: 30.034 loading class org/gradle/api/reporting/internal/TaskGeneratedSingleDirectoryReport done
Event: 30.034 loading class org/gradle/api/internal/file/DefaultProjectLayout$2
Event: 30.034 loading class org/gradle/api/internal/file/DefaultProjectLayout$2 done
Event: 30.046 loading class org/gradle/api/tasks/testing/Test$1
Event: 30.046 loading class org/gradle/api/tasks/testing/Test$1 done


Dynamic libraries:
0x00007ff66ee90000 - 0x00007ff66eeca000 	C:\Users\DELL\.jdks\corretto-1.8.0_352\bin\java.exe
0x00007ffee5eb0000 - 0x00007ffee60c4000 	C:\WINDOWS\SYSTEM32\ntdll.dll
0x00007ffee4ce0000 - 0x00007ffee4da2000 	C:\WINDOWS\System32\KERNEL32.DLL
0x00007ffee34b0000 - 0x00007ffee384c000 	C:\WINDOWS\System32\KERNELBASE.dll
0x00007ffee5070000 - 0x00007ffee511e000 	C:\WINDOWS\System32\ADVAPI32.dll
0x00007ffee4520000 - 0x00007ffee45c7000 	C:\WINDOWS\System32\msvcrt.dll
0x00007ffee5dc0000 - 0x00007ffee5e64000 	C:\WINDOWS\System32\sechost.dll
0x00007ffee3e80000 - 0x00007ffee3f97000 	C:\WINDOWS\System32\RPCRT4.dll
0x00007ffee3cc0000 - 0x00007ffee3e6b000 	C:\WINDOWS\System32\USER32.dll
0x00007ffee3af0000 - 0x00007ffee3b16000 	C:\WINDOWS\System32\win32u.dll
0x00007ffee3fb0000 - 0x00007ffee3fd9000 	C:\WINDOWS\System32\GDI32.dll
0x00007ffee3ba0000 - 0x00007ffee3cb3000 	C:\WINDOWS\System32\gdi32full.dll
0x00007ffee3410000 - 0x00007ffee34aa000 	C:\WINDOWS\System32\msvcp_win.dll
0x00007ffee32f0000 - 0x00007ffee3401000 	C:\WINDOWS\System32\ucrtbase.dll
0x00007ffecae70000 - 0x00007ffecb0fe000 	C:\WINDOWS\WinSxS\amd64_microsoft.windows.common-controls_6595b64144ccf1df_6.0.22621.608_none_a9444ca7c10bb01d\COMCTL32.dll
0x00007ffee45f0000 - 0x00007ffee4621000 	C:\WINDOWS\System32\IMM32.DLL
0x00007ffeb3700000 - 0x00007ffeb37ef000 	C:\Users\DELL\.jdks\corretto-1.8.0_352\jre\bin\msvcr120.dll
0x00007ffec7830000 - 0x00007ffec78d6000 	C:\Users\DELL\.jdks\corretto-1.8.0_352\jre\bin\msvcp120.dll
0x0000000060fb0000 - 0x0000000061826000 	C:\Users\DELL\.jdks\corretto-1.8.0_352\jre\bin\server\jvm.dll
0x00007ffee4630000 - 0x00007ffee4638000 	C:\WINDOWS\System32\PSAPI.DLL
0x00007ffed6e50000 - 0x00007ffed6e5a000 	C:\WINDOWS\SYSTEM32\VERSION.dll
0x00007ffedcae0000 - 0x00007ffedcae9000 	C:\WINDOWS\SYSTEM32\WSOCK32.dll
0x00007ffee5b30000 - 0x00007ffee5ba1000 	C:\WINDOWS\System32\WS2_32.dll
0x00007ffee08a0000 - 0x00007ffee08d4000 	C:\WINDOWS\SYSTEM32\WINMM.dll
0x00007ffedcd40000 - 0x00007ffedcd4f000 	C:\Users\DELL\.jdks\corretto-1.8.0_352\jre\bin\verify.dll
0x00007ffedaab0000 - 0x00007ffedaad9000 	C:\Users\DELL\.jdks\corretto-1.8.0_352\jre\bin\java.dll
0x00007ffed4610000 - 0x00007ffed4626000 	C:\Users\DELL\.jdks\corretto-1.8.0_352\jre\bin\zip.dll
0x00007ffee5120000 - 0x00007ffee5910000 	C:\WINDOWS\System32\SHELL32.dll
0x00007ffee11a0000 - 0x00007ffee1a6d000 	C:\WINDOWS\SYSTEM32\windows.storage.dll
0x00007ffee4190000 - 0x00007ffee4519000 	C:\WINDOWS\System32\combase.dll
0x00007ffee1aa0000 - 0x00007ffee1bde000 	C:\WINDOWS\SYSTEM32\wintypes.dll
0x00007ffee5c60000 - 0x00007ffee5d51000 	C:\WINDOWS\System32\SHCORE.dll
0x00007ffee5c00000 - 0x00007ffee5c5e000 	C:\WINDOWS\System32\shlwapi.dll
0x00007ffee3220000 - 0x00007ffee3241000 	C:\WINDOWS\SYSTEM32\profapi.dll
0x00007ffed3240000 - 0x00007ffed325a000 	C:\Users\DELL\.jdks\corretto-1.8.0_352\jre\bin\net.dll
0x00007ffee28a0000 - 0x00007ffee2909000 	C:\WINDOWS\system32\mswsock.dll
0x00007ffed3030000 - 0x00007ffed3042000 	C:\Users\DELL\.jdks\corretto-1.8.0_352\jre\bin\nio.dll
0x00007ffedcd50000 - 0x00007ffedcd77000 	C:\Users\DELL\.gradle\native\e1d6ef7f7dcc3fd88c89a11ec53ec762bb8ba0a96d01ffa2cd45eb1d1d8dd5c5\windows-amd64\native-platform.dll
0x00007ffe8cf40000 - 0x00007ffe8d084000 	C:\Users\DELL\.gradle\native\0d407fdbe67a94daf76414ababcb853783967236a71b16ec16e742cd7a986fd3\windows-amd64\native-platform-file-events.dll
0x00007ffedb5d0000 - 0x00007ffedb5dd000 	C:\Users\DELL\.jdks\corretto-1.8.0_352\jre\bin\management.dll
0x00007ffee2b00000 - 0x00007ffee2b1b000 	C:\WINDOWS\SYSTEM32\CRYPTSP.dll
0x00007ffee23a0000 - 0x00007ffee23d5000 	C:\WINDOWS\system32\rsaenh.dll
0x00007ffee29a0000 - 0x00007ffee29c8000 	C:\WINDOWS\SYSTEM32\USERENV.dll
0x00007ffee2ca0000 - 0x00007ffee2cc8000 	C:\WINDOWS\SYSTEM32\bcrypt.dll
0x00007ffee3b20000 - 0x00007ffee3b9b000 	C:\WINDOWS\System32\bcryptprimitives.dll
0x00007ffee2b20000 - 0x00007ffee2b2c000 	C:\WINDOWS\SYSTEM32\CRYPTBASE.dll
0x00007ffee1ea0000 - 0x00007ffee1ecd000 	C:\WINDOWS\SYSTEM32\IPHLPAPI.DLL
0x00007ffee3fa0000 - 0x00007ffee3fa9000 	C:\WINDOWS\System32\NSI.dll
0x00007ffed8a00000 - 0x00007ffed8a19000 	C:\WINDOWS\SYSTEM32\dhcpcsvc6.DLL
0x00007ffed89b0000 - 0x00007ffed89cf000 	C:\WINDOWS\SYSTEM32\dhcpcsvc.DLL
0x00007ffee1f10000 - 0x00007ffee2003000 	C:\WINDOWS\SYSTEM32\DNSAPI.dll

VM Arguments:
jvm_args: -XX:MaxMetaspaceSize=256m -XX:+HeapDumpOnOutOfMemoryError -Xms256m -Xmx512m -Dfile.encoding=windows-1252 -Duser.country=US -Duser.language=en -Duser.variant 
java_command: org.gradle.launcher.daemon.bootstrap.GradleDaemon 7.5.1
java_class_path (initial): C:\Users\DELL\.gradle\wrapper\dists\gradle-7.5.1-bin\7jzzequgds1hbszbhq3npc5ng\gradle-7.5.1\lib\gradle-launcher-7.5.1.jar
Launcher Type: SUN_STANDARD

Environment Variables:
PATH=C:\Windows\system32;C:\Windows;C:\Windows\System32\Wbem;C:\Windows\System32\WindowsPowerShell\v1.0\;C:\Windows\System32\OpenSSH\;C:\Program Files\NVIDIA Corporation\NVIDIA NvDLISR;C:\Program Files\Cloudflare\Cloudflare WARP;C:\Program Files\dotnet\;C:\WINDOWS\system32;C:\WINDOWS;C:\WINDOWS\System32\Wbem;C:\WINDOWS\System32\WindowsPowerShell\v1.0\;C:\WINDOWS\System32\OpenSSH\;C:\msys64\mingw64\bin\mingw64\bin;C:\Program Files\Microsoft SQL Server\Client SDK\ODBC\170\Tools\Binn\;C:\Program Files (x86)\Microsoft SQL Server\150\Tools\Binn\;C:\Program Files\Microsoft SQL Server\150\Tools\Binn\;C:\Program Files\Microsoft SQL Server\150\DTS\Binn\;C:\Program Files\Azure Data Studio\bin;C:\Program Files\Git\cmd;C:\Program Files\Cloudflare\Cloudflare WARP\;C:\Program Files (x86)\Microsoft SQL Server\160\Tools\Binn\;C:\Program Files\Microsoft SQL Server\160\Tools\Binn\;C:\Program Files\Microsoft SQL Server\160\DTS\Binn\;C:\Program Files (x86)\Microsoft SQL Server\160\DTS\Binn\;C:\Program Files\MySQL\MySQL Shell 8.0\bin\;C:\Users\DELL\AppData\Local\Microsoft\WindowsApps;;C:\Program Files\Azure Data Studio\bin;C:\Users\DELL\.dotnet\tools
USERNAME=DELL
OS=Windows_NT
PROCESSOR_IDENTIFIER=Intel64 Family 6 Model 140 Stepping 1, GenuineIntel



---------------  S Y S T E M  ---------------

OS: Windows 11 , 64 bit Build 22621 (10.0.22621.1485)

CPU:total 8 (initial active 8) (4 cores per cpu, 2 threads per core) family 6 model 140 stepping 1, cmov, cx8, fxsr, mmx, sse, sse2, sse3, ssse3, sse4.1, sse4.2, popcnt, avx, avx2, aes, clmul, erms, 3dnowpref, lzcnt, ht, tsc, tscinvbit, bmi1, bmi2, adx

Memory: 4k page, physical 8104744k(99072k free), swap 19541156k(4352k free)

vm_info: OpenJDK 64-Bit Server VM (25.352-b08) for windows-amd64 JRE (1.8.0_352-b08), built on Oct 14 2022 21:22:09 by "Administrator" with MS VC++ 12.0 (VS2013)

time: Mon May 01 14:11:52 2023
timezone: SE Asia Standard Time
elapsed time: 30.064560 seconds (0d 0h 0m 30s)

